2025-01-11 23:06:00,970 - ERROR - Invalid password length
2025-01-11 23:06:30,438 - INFO - HTTP Request: GET https://api.coingecko.com/api/v3/simple/price?ids=bitcoin&vs_currencies=usd "HTTP/1.1 200 OK"
2025-01-11 23:06:36,219 - INFO - HTTP Request: GET https://api.coingecko.com/api/v3/simple/price?ids=bitcoin&vs_currencies=usd "HTTP/1.1 200 OK"
2025-01-11 23:07:36,238 - INFO - HTTP Request: GET https://api.coingecko.com/api/v3/simple/price?ids=bitcoin&vs_currencies=usd "HTTP/1.1 200 OK"
2025-01-11 23:08:36,241 - INFO - HTTP Request: GET https://api.coingecko.com/api/v3/simple/price?ids=bitcoin&vs_currencies=usd "HTTP/1.1 200 OK"
2025-01-12 01:00:54,489 - INFO - HTTP Request: GET https://api.coingecko.com/api/v3/simple/price?ids=bitcoin&vs_currencies=usd "HTTP/1.1 200 OK"
2025-01-12 01:17:21,243 - INFO - HTTP Request: GET https://api.coingecko.com/api/v3/simple/price?ids=bitcoin&vs_currencies=usd "HTTP/1.1 200 OK"
2025-01-12 01:17:35,090 - INFO - HTTP Request: GET https://api.coingecko.com/api/v3/simple/price?ids=bitcoin&vs_currencies=usd "HTTP/1.1 200 OK"
2025-01-12 01:17:37,299 - INFO - HTTP Request: GET https://api.coingecko.com/api/v3/simple/price?ids=bitcoin&vs_currencies=usd "HTTP/1.1 200 OK"
2025-01-12 01:18:35,093 - INFO - HTTP Request: GET https://api.coingecko.com/api/v3/simple/price?ids=bitcoin&vs_currencies=usd "HTTP/1.1 200 OK"
2025-01-12 01:19:00,231 - INFO - HTTP Request: GET https://api.coingecko.com/api/v3/simple/price?ids=bitcoin&vs_currencies=usd "HTTP/1.1 200 OK"
2025-01-12 01:19:16,124 - INFO - HTTP Request: GET https://api.coingecko.com/api/v3/simple/price?ids=bitcoin&vs_currencies=usd "HTTP/1.1 200 OK"
2025-01-12 01:20:16,667 - INFO - HTTP Request: GET https://api.coingecko.com/api/v3/simple/price?ids=bitcoin&vs_currencies=usd "HTTP/1.1 200 OK"
2025-01-12 01:21:16,695 - INFO - HTTP Request: GET https://api.coingecko.com/api/v3/simple/price?ids=bitcoin&vs_currencies=usd "HTTP/1.1 200 OK"
2025-01-12 01:22:16,742 - INFO - HTTP Request: GET https://api.coingecko.com/api/v3/simple/price?ids=bitcoin&vs_currencies=usd "HTTP/1.1 200 OK"
2025-01-12 01:23:16,713 - INFO - HTTP Request: GET https://api.coingecko.com/api/v3/simple/price?ids=bitcoin&vs_currencies=usd "HTTP/1.1 200 OK"
2025-01-12 01:23:24,363 - INFO - HTTP Request: GET https://api.coingecko.com/api/v3/simple/price?ids=bitcoin&vs_currencies=usd "HTTP/1.1 200 OK"
2025-01-12 01:23:49,067 - INFO - HTTP Request: GET https://api.coingecko.com/api/v3/simple/price?ids=bitcoin&vs_currencies=usd "HTTP/1.1 200 OK"
2025-01-12 01:23:53,934 - INFO - HTTP Request: GET https://api.coingecko.com/api/v3/simple/price?ids=bitcoin&vs_currencies=usd "HTTP/1.1 200 OK"
2025-01-12 01:24:49,640 - INFO - HTTP Request: GET https://api.coingecko.com/api/v3/simple/price?ids=bitcoin&vs_currencies=usd "HTTP/1.1 200 OK"
2025-01-12 01:25:49,907 - INFO - HTTP Request: GET https://api.coingecko.com/api/v3/simple/price?ids=bitcoin&vs_currencies=usd "HTTP/1.1 200 OK"
2025-01-12 01:26:49,737 - INFO - HTTP Request: GET https://api.coingecko.com/api/v3/simple/price?ids=bitcoin&vs_currencies=usd "HTTP/1.1 200 OK"
2025-01-12 01:27:03,469 - INFO - Generated password of length 10
2025-01-12 01:27:27,722 - INFO - Generated password of length 12
2025-01-12 01:27:49,132 - INFO - HTTP Request: GET https://api.coingecko.com/api/v3/simple/price?ids=bitcoin&vs_currencies=usd "HTTP/1.1 200 OK"
2025-01-12 01:28:49,035 - INFO - HTTP Request: GET https://api.coingecko.com/api/v3/simple/price?ids=bitcoin&vs_currencies=usd "HTTP/1.1 200 OK"
2025-01-12 01:29:49,630 - INFO - HTTP Request: GET https://api.coingecko.com/api/v3/simple/price?ids=bitcoin&vs_currencies=usd "HTTP/1.1 200 OK"
2025-01-12 01:29:50,415 - INFO - Generated password of length 10
2025-01-12 01:30:38,752 - INFO - Generated password of length 10
2025-01-12 01:30:47,473 - INFO - Generated password of length 10
2025-01-12 01:31:19,669 - INFO - HTTP Request: GET https://api.coingecko.com/api/v3/simple/price?ids=bitcoin&vs_currencies=usd "HTTP/1.1 200 OK"
2025-01-12 01:32:19,659 - INFO - HTTP Request: GET https://api.coingecko.com/api/v3/simple/price?ids=bitcoin&vs_currencies=usd "HTTP/1.1 200 OK"
2025-01-12 01:33:19,695 - INFO - HTTP Request: GET https://api.coingecko.com/api/v3/simple/price?ids=bitcoin&vs_currencies=usd "HTTP/1.1 200 OK"
2025-01-12 01:34:07,394 - INFO - HTTP Request: GET https://api.coingecko.com/api/v3/simple/price?ids=bitcoin&vs_currencies=usd "HTTP/1.1 200 OK"
2025-01-12 01:34:19,667 - INFO - HTTP Request: GET https://api.coingecko.com/api/v3/simple/price?ids=bitcoin&vs_currencies=usd "HTTP/1.1 200 OK"
2025-01-12 01:35:19,676 - INFO - HTTP Request: GET https://api.coingecko.com/api/v3/simple/price?ids=bitcoin&vs_currencies=usd "HTTP/1.1 200 OK"
2025-01-12 01:35:53,498 - INFO - HTTP Request: GET https://api.coingecko.com/api/v3/simple/price?ids=bitcoin&vs_currencies=usd "HTTP/1.1 200 OK"
2025-01-12 01:36:49,035 - INFO - HTTP Request: GET https://api.coingecko.com/api/v3/simple/price?ids=bitcoin&vs_currencies=usd "HTTP/1.1 200 OK"
2025-01-12 01:37:49,029 - INFO - HTTP Request: GET https://api.coingecko.com/api/v3/simple/price?ids=bitcoin&vs_currencies=usd "HTTP/1.1 200 OK"
2025-01-12 01:38:49,082 - INFO - HTTP Request: GET https://api.coingecko.com/api/v3/simple/price?ids=bitcoin&vs_currencies=usd "HTTP/1.1 200 OK"
2025-01-12 01:39:49,067 - INFO - HTTP Request: GET https://api.coingecko.com/api/v3/simple/price?ids=bitcoin&vs_currencies=usd "HTTP/1.1 200 OK"
2025-01-12 01:40:49,035 - INFO - HTTP Request: GET https://api.coingecko.com/api/v3/simple/price?ids=bitcoin&vs_currencies=usd "HTTP/1.1 200 OK"
2025-01-12 01:41:49,610 - INFO - HTTP Request: GET https://api.coingecko.com/api/v3/simple/price?ids=bitcoin&vs_currencies=usd "HTTP/1.1 200 OK"
2025-01-12 01:51:19,734 - INFO - HTTP Request: GET https://api.coingecko.com/api/v3/simple/price?ids=bitcoin&vs_currencies=usd "HTTP/1.1 200 OK"
2025-01-12 01:52:19,616 - INFO - HTTP Request: GET https://api.coingecko.com/api/v3/simple/price?ids=bitcoin&vs_currencies=usd "HTTP/1.1 200 OK"
2025-01-12 01:53:19,703 - INFO - HTTP Request: GET https://api.coingecko.com/api/v3/simple/price?ids=bitcoin&vs_currencies=usd "HTTP/1.1 200 OK"
2025-01-12 01:54:19,759 - INFO - HTTP Request: GET https://api.coingecko.com/api/v3/simple/price?ids=bitcoin&vs_currencies=usd "HTTP/1.1 200 OK"
2025-01-12 01:55:19,657 - INFO - HTTP Request: GET https://api.coingecko.com/api/v3/simple/price?ids=bitcoin&vs_currencies=usd "HTTP/1.1 200 OK"
2025-01-12 01:56:19,713 - INFO - HTTP Request: GET https://api.coingecko.com/api/v3/simple/price?ids=bitcoin&vs_currencies=usd "HTTP/1.1 200 OK"
2025-01-12 01:57:42,698 - INFO - HTTP Request: GET https://api.coingecko.com/api/v3/simple/price?ids=bitcoin&vs_currencies=usd "HTTP/1.1 200 OK"
2025-01-12 01:58:19,643 - INFO - HTTP Request: GET https://api.coingecko.com/api/v3/simple/price?ids=bitcoin&vs_currencies=usd "HTTP/1.1 200 OK"
2025-01-12 01:59:19,631 - INFO - HTTP Request: GET https://api.coingecko.com/api/v3/simple/price?ids=bitcoin&vs_currencies=usd "HTTP/1.1 200 OK"
2025-01-12 02:00:19,660 - INFO - HTTP Request: GET https://api.coingecko.com/api/v3/simple/price?ids=bitcoin&vs_currencies=usd "HTTP/1.1 200 OK"
2025-01-12 02:01:19,658 - INFO - HTTP Request: GET https://api.coingecko.com/api/v3/simple/price?ids=bitcoin&vs_currencies=usd "HTTP/1.1 200 OK"
2025-01-12 02:25:19,684 - INFO - HTTP Request: GET https://api.coingecko.com/api/v3/simple/price?ids=bitcoin&vs_currencies=usd "HTTP/1.1 200 OK"
2025-01-12 02:25:34,824 - INFO - Generated password successfully: 12
2025-01-12 02:31:34,826 - INFO - HTTP Request: GET https://api.coingecko.com/api/v3/simple/price?ids=bitcoin&vs_currencies=usd "HTTP/1.1 200 OK"
2025-01-12 02:32:34,480 - INFO - HTTP Request: GET https://api.coingecko.com/api/v3/simple/price?ids=bitcoin&vs_currencies=usd "HTTP/1.1 200 OK"
2025-01-12 02:33:34,431 - INFO - HTTP Request: GET https://api.coingecko.com/api/v3/simple/price?ids=bitcoin&vs_currencies=usd "HTTP/1.1 200 OK"
2025-01-12 02:34:34,399 - INFO - HTTP Request: GET https://api.coingecko.com/api/v3/simple/price?ids=bitcoin&vs_currencies=usd "HTTP/1.1 200 OK"
2025-01-12 02:35:34,389 - INFO - HTTP Request: GET https://api.coingecko.com/api/v3/simple/price?ids=bitcoin&vs_currencies=usd "HTTP/1.1 200 OK"
2025-01-12 02:36:34,415 - INFO - HTTP Request: GET https://api.coingecko.com/api/v3/simple/price?ids=bitcoin&vs_currencies=usd "HTTP/1.1 200 OK"
2025-01-12 05:22:24,591 - INFO - HTTP Request: GET https://api.coingecko.com/api/v3/simple/price?ids=bitcoin&vs_currencies=usd "HTTP/1.1 200 OK"
2025-01-12 08:09:31,052 - INFO - HTTP Request: GET https://api.coingecko.com/api/v3/simple/price?ids=bitcoin&vs_currencies=usd "HTTP/1.1 200 OK"
2025-01-12 09:32:27,113 - INFO - HTTP Request: GET https://api.coingecko.com/api/v3/simple/price?ids=bitcoin&vs_currencies=usd "HTTP/1.1 200 OK"
2025-01-12 09:33:26,771 - INFO - HTTP Request: GET https://api.coingecko.com/api/v3/simple/price?ids=bitcoin&vs_currencies=usd "HTTP/1.1 200 OK"
2025-01-12 09:34:26,813 - INFO - HTTP Request: GET https://api.coingecko.com/api/v3/simple/price?ids=bitcoin&vs_currencies=usd "HTTP/1.1 200 OK"
2025-01-12 09:35:26,788 - INFO - HTTP Request: GET https://api.coingecko.com/api/v3/simple/price?ids=bitcoin&vs_currencies=usd "HTTP/1.1 200 OK"
2025-01-12 09:36:26,268 - INFO - HTTP Request: GET https://api.coingecko.com/api/v3/simple/price?ids=bitcoin&vs_currencies=usd "HTTP/1.1 200 OK"
2025-01-12 09:37:26,119 - INFO - HTTP Request: GET https://api.coingecko.com/api/v3/simple/price?ids=bitcoin&vs_currencies=usd "HTTP/1.1 200 OK"
2025-01-12 09:38:26,159 - INFO - HTTP Request: GET https://api.coingecko.com/api/v3/simple/price?ids=bitcoin&vs_currencies=usd "HTTP/1.1 200 OK"
2025-01-12 09:39:26,109 - INFO - HTTP Request: GET https://api.coingecko.com/api/v3/simple/price?ids=bitcoin&vs_currencies=usd "HTTP/1.1 200 OK"
2025-01-12 09:40:26,145 - INFO - HTTP Request: GET https://api.coingecko.com/api/v3/simple/price?ids=bitcoin&vs_currencies=usd "HTTP/1.1 200 OK"
2025-01-12 09:41:26,316 - INFO - HTTP Request: GET https://api.coingecko.com/api/v3/simple/price?ids=bitcoin&vs_currencies=usd "HTTP/1.1 200 OK"
2025-01-12 09:42:26,307 - INFO - HTTP Request: GET https://api.coingecko.com/api/v3/simple/price?ids=bitcoin&vs_currencies=usd "HTTP/1.1 200 OK"
2025-01-12 09:43:26,186 - INFO - HTTP Request: GET https://api.coingecko.com/api/v3/simple/price?ids=bitcoin&vs_currencies=usd "HTTP/1.1 200 OK"
2025-01-12 09:44:26,262 - INFO - HTTP Request: GET https://api.coingecko.com/api/v3/simple/price?ids=bitcoin&vs_currencies=usd "HTTP/1.1 200 OK"
2025-01-12 09:45:26,137 - INFO - HTTP Request: GET https://api.coingecko.com/api/v3/simple/price?ids=bitcoin&vs_currencies=usd "HTTP/1.1 200 OK"
2025-01-12 09:46:26,148 - INFO - HTTP Request: GET https://api.coingecko.com/api/v3/simple/price?ids=bitcoin&vs_currencies=usd "HTTP/1.1 200 OK"
2025-01-12 09:47:26,114 - INFO - HTTP Request: GET https://api.coingecko.com/api/v3/simple/price?ids=bitcoin&vs_currencies=usd "HTTP/1.1 200 OK"
2025-01-12 09:48:26,087 - INFO - HTTP Request: GET https://api.coingecko.com/api/v3/simple/price?ids=bitcoin&vs_currencies=usd "HTTP/1.1 200 OK"
2025-01-12 09:49:26,072 - INFO - HTTP Request: GET https://api.coingecko.com/api/v3/simple/price?ids=bitcoin&vs_currencies=usd "HTTP/1.1 200 OK"
2025-01-12 09:50:26,129 - INFO - HTTP Request: GET https://api.coingecko.com/api/v3/simple/price?ids=bitcoin&vs_currencies=usd "HTTP/1.1 200 OK"
2025-01-12 09:51:26,112 - INFO - HTTP Request: GET https://api.coingecko.com/api/v3/simple/price?ids=bitcoin&vs_currencies=usd "HTTP/1.1 200 OK"
2025-01-12 09:52:26,164 - INFO - HTTP Request: GET https://api.coingecko.com/api/v3/simple/price?ids=bitcoin&vs_currencies=usd "HTTP/1.1 200 OK"
2025-01-12 09:53:26,163 - INFO - HTTP Request: GET https://api.coingecko.com/api/v3/simple/price?ids=bitcoin&vs_currencies=usd "HTTP/1.1 200 OK"
2025-01-12 09:54:26,176 - INFO - HTTP Request: GET https://api.coingecko.com/api/v3/simple/price?ids=bitcoin&vs_currencies=usd "HTTP/1.1 200 OK"
2025-01-12 09:55:26,100 - INFO - HTTP Request: GET https://api.coingecko.com/api/v3/simple/price?ids=bitcoin&vs_currencies=usd "HTTP/1.1 200 OK"
2025-01-12 09:56:26,076 - INFO - HTTP Request: GET https://api.coingecko.com/api/v3/simple/price?ids=bitcoin&vs_currencies=usd "HTTP/1.1 200 OK"
2025-01-12 09:57:26,139 - INFO - HTTP Request: GET https://api.coingecko.com/api/v3/simple/price?ids=bitcoin&vs_currencies=usd "HTTP/1.1 200 OK"
2025-01-12 09:58:26,664 - INFO - HTTP Request: GET https://api.coingecko.com/api/v3/simple/price?ids=bitcoin&vs_currencies=usd "HTTP/1.1 200 OK"
2025-01-12 09:59:26,549 - INFO - HTTP Request: GET https://api.coingecko.com/api/v3/simple/price?ids=bitcoin&vs_currencies=usd "HTTP/1.1 200 OK"
2025-01-12 10:00:26,084 - INFO - HTTP Request: GET https://api.coingecko.com/api/v3/simple/price?ids=bitcoin&vs_currencies=usd "HTTP/1.1 200 OK"
2025-01-12 10:17:10,213 - INFO - HTTP Request: GET https://api.coingecko.com/api/v3/simple/price?ids=bitcoin&vs_currencies=usd "HTTP/1.1 200 OK"
2025-01-12 10:18:08,955 - INFO - HTTP Request: GET https://api.coingecko.com/api/v3/simple/price?ids=bitcoin&vs_currencies=usd "HTTP/1.1 200 OK"
2025-01-12 10:19:08,953 - INFO - HTTP Request: GET https://api.coingecko.com/api/v3/simple/price?ids=bitcoin&vs_currencies=usd "HTTP/1.1 200 OK"
2025-01-12 10:20:08,903 - INFO - HTTP Request: GET https://api.coingecko.com/api/v3/simple/price?ids=bitcoin&vs_currencies=usd "HTTP/1.1 200 OK"
2025-01-12 10:21:08,914 - INFO - HTTP Request: GET https://api.coingecko.com/api/v3/simple/price?ids=bitcoin&vs_currencies=usd "HTTP/1.1 200 OK"
2025-01-12 10:32:42,031 - INFO - HTTP Request: GET https://api.coingecko.com/api/v3/simple/price?ids=bitcoin&vs_currencies=usd "HTTP/1.1 200 OK"
2025-01-12 10:33:41,449 - INFO - HTTP Request: GET https://api.coingecko.com/api/v3/simple/price?ids=bitcoin&vs_currencies=usd "HTTP/1.1 200 OK"
2025-01-12 10:34:41,571 - INFO - HTTP Request: GET https://api.coingecko.com/api/v3/simple/price?ids=bitcoin&vs_currencies=usd "HTTP/1.1 200 OK"
2025-01-12 10:35:41,594 - INFO - HTTP Request: GET https://api.coingecko.com/api/v3/simple/price?ids=bitcoin&vs_currencies=usd "HTTP/1.1 200 OK"
2025-01-12 10:36:41,449 - INFO - HTTP Request: GET https://api.coingecko.com/api/v3/simple/price?ids=bitcoin&vs_currencies=usd "HTTP/1.1 200 OK"
2025-01-12 10:37:41,847 - INFO - HTTP Request: GET https://api.coingecko.com/api/v3/simple/price?ids=bitcoin&vs_currencies=usd "HTTP/1.1 200 OK"
2025-01-12 10:38:41,468 - INFO - HTTP Request: GET https://api.coingecko.com/api/v3/simple/price?ids=bitcoin&vs_currencies=usd "HTTP/1.1 200 OK"
2025-01-12 10:39:41,537 - INFO - HTTP Request: GET https://api.coingecko.com/api/v3/simple/price?ids=bitcoin&vs_currencies=usd "HTTP/1.1 200 OK"
2025-01-12 10:40:41,493 - INFO - HTTP Request: GET https://api.coingecko.com/api/v3/simple/price?ids=bitcoin&vs_currencies=usd "HTTP/1.1 200 OK"
2025-01-12 10:41:41,415 - INFO - HTTP Request: GET https://api.coingecko.com/api/v3/simple/price?ids=bitcoin&vs_currencies=usd "HTTP/1.1 200 OK"
2025-01-12 10:42:41,533 - INFO - HTTP Request: GET https://api.coingecko.com/api/v3/simple/price?ids=bitcoin&vs_currencies=usd "HTTP/1.1 200 OK"
2025-01-12 10:43:29,790 - INFO - Generated password successfully: 12
2025-01-12 10:43:39,652 - INFO - HTTP Request: GET https://api.coingecko.com/api/v3/simple/price?ids=bitcoin&vs_currencies=usd "HTTP/1.1 200 OK"
2025-01-12 10:43:41,692 - INFO - HTTP Request: GET https://api.coingecko.com/api/v3/simple/price?ids=bitcoin&vs_currencies=usd "HTTP/1.1 200 OK"
2025-01-12 10:43:48,683 - INFO - HTTP Request: GET https://api.coingecko.com/api/v3/simple/price?ids=bitcoin&vs_currencies=usd "HTTP/1.1 200 OK"
2025-01-12 10:43:53,699 - INFO - HTTP Request: GET https://api.coingecko.com/api/v3/simple/price?ids=bitcoin&vs_currencies=usd "HTTP/1.1 200 OK"
2025-01-12 10:44:53,715 - INFO - HTTP Request: GET https://api.coingecko.com/api/v3/simple/price?ids=bitcoin&vs_currencies=usd "HTTP/1.1 200 OK"
2025-01-12 10:45:54,809 - INFO - HTTP Request: GET https://api.coingecko.com/api/v3/simple/price?ids=bitcoin&vs_currencies=usd "HTTP/1.1 200 OK"
2025-01-12 10:46:54,449 - INFO - HTTP Request: GET https://api.coingecko.com/api/v3/simple/price?ids=bitcoin&vs_currencies=usd "HTTP/1.1 200 OK"
2025-01-12 10:47:54,548 - INFO - HTTP Request: GET https://api.coingecko.com/api/v3/simple/price?ids=bitcoin&vs_currencies=usd "HTTP/1.1 200 OK"
2025-01-12 10:49:41,493 - INFO - HTTP Request: GET https://api.coingecko.com/api/v3/simple/price?ids=bitcoin&vs_currencies=usd "HTTP/1.1 200 OK"
2025-01-12 10:50:41,442 - INFO - HTTP Request: GET https://api.coingecko.com/api/v3/simple/price?ids=bitcoin&vs_currencies=usd "HTTP/1.1 200 OK"
2025-01-12 10:51:41,527 - INFO - HTTP Request: GET https://api.coingecko.com/api/v3/simple/price?ids=bitcoin&vs_currencies=usd "HTTP/1.1 200 OK"
2025-01-12 10:52:41,623 - INFO - HTTP Request: GET https://api.coingecko.com/api/v3/simple/price?ids=bitcoin&vs_currencies=usd "HTTP/1.1 200 OK"
2025-01-12 10:53:41,483 - INFO - HTTP Request: GET https://api.coingecko.com/api/v3/simple/price?ids=bitcoin&vs_currencies=usd "HTTP/1.1 200 OK"
2025-01-12 10:54:41,479 - INFO - HTTP Request: GET https://api.coingecko.com/api/v3/simple/price?ids=bitcoin&vs_currencies=usd "HTTP/1.1 200 OK"
2025-01-12 10:55:41,478 - INFO - HTTP Request: GET https://api.coingecko.com/api/v3/simple/price?ids=bitcoin&vs_currencies=usd "HTTP/1.1 200 OK"
2025-01-12 10:56:41,437 - INFO - HTTP Request: GET https://api.coingecko.com/api/v3/simple/price?ids=bitcoin&vs_currencies=usd "HTTP/1.1 200 OK"
2025-01-12 10:57:37,989 - INFO - HTTP Request: GET https://api.coingecko.com/api/v3/simple/price?ids=bitcoin&vs_currencies=usd "HTTP/1.1 200 OK"
2025-01-13 00:25:58,210 - INFO - HTTP Request: GET https://api.coingecko.com/api/v3/simple/price?ids=bitcoin&vs_currencies=usd "HTTP/1.1 200 OK"
2025-01-13 00:26:08,810 - INFO - HTTP Request: GET https://api.coingecko.com/api/v3/simple/price?ids=bitcoin&vs_currencies=usd "HTTP/1.1 200 OK"
2025-01-13 00:26:11,581 - INFO - HTTP Request: GET https://api.coingecko.com/api/v3/simple/price?ids=bitcoin&vs_currencies=usd "HTTP/1.1 200 OK"
2025-01-13 00:26:20,401 - INFO - HTTP Request: GET https://api.coingecko.com/api/v3/simple/price?ids=bitcoin&vs_currencies=usd "HTTP/1.1 200 OK"
2025-01-13 00:30:12,248 - INFO - HTTP Request: GET https://api.coingecko.com/api/v3/simple/price?ids=bitcoin&vs_currencies=usd "HTTP/1.1 200 OK"
2025-01-13 00:31:37,933 - INFO - HTTP Request: GET https://api.coingecko.com/api/v3/simple/price?ids=bitcoin&vs_currencies=usd "HTTP/1.1 200 OK"
2025-01-13 00:32:37,949 - INFO - HTTP Request: GET https://api.coingecko.com/api/v3/simple/price?ids=bitcoin&vs_currencies=usd "HTTP/1.1 200 OK"
2025-01-13 00:32:43,208 - INFO - HTTP Request: GET https://api.coingecko.com/api/v3/simple/price?ids=bitcoin&vs_currencies=usd "HTTP/1.1 200 OK"
2025-01-13 00:32:46,685 - INFO - HTTP Request: GET https://api.coingecko.com/api/v3/simple/price?ids=bitcoin&vs_currencies=usd "HTTP/1.1 200 OK"
2025-01-13 00:32:58,834 - INFO - HTTP Request: GET https://api.coingecko.com/api/v3/simple/price?ids=bitcoin&vs_currencies=usd "HTTP/1.1 200 OK"
2025-01-13 00:33:43,221 - INFO - HTTP Request: GET https://api.coingecko.com/api/v3/simple/price?ids=bitcoin&vs_currencies=usd "HTTP/1.1 200 OK"
2025-01-13 00:34:43,877 - INFO - HTTP Request: GET https://api.coingecko.com/api/v3/simple/price?ids=bitcoin&vs_currencies=usd "HTTP/1.1 200 OK"
2025-01-13 00:35:43,908 - INFO - HTTP Request: GET https://api.coingecko.com/api/v3/simple/price?ids=bitcoin&vs_currencies=usd "HTTP/1.1 200 OK"
2025-01-13 00:36:43,893 - INFO - HTTP Request: GET https://api.coingecko.com/api/v3/simple/price?ids=bitcoin&vs_currencies=usd "HTTP/1.1 200 OK"
2025-01-13 00:39:44,450 - INFO - HTTP Request: GET https://api.coingecko.com/api/v3/simple/price?ids=bitcoin&vs_currencies=usd "HTTP/1.1 200 OK"
2025-01-13 00:39:44,746 - INFO - HTTP Request: GET https://api.coingecko.com/api/v3/simple/price?ids=bitcoin&vs_currencies=usd "HTTP/1.1 200 OK"
2025-01-13 00:39:50,671 - INFO - HTTP Request: GET https://api.coingecko.com/api/v3/simple/price?ids=bitcoin&vs_currencies=usd "HTTP/1.1 200 OK"
2025-01-13 00:40:02,729 - INFO - HTTP Request: GET https://api.coingecko.com/api/v3/simple/price?ids=bitcoin&vs_currencies=usd "HTTP/1.1 200 OK"
2025-01-13 00:40:11,536 - INFO - Generated password successfully: 12
2025-01-13 00:40:50,907 - INFO - HTTP Request: GET https://api.coingecko.com/api/v3/simple/price?ids=bitcoin&vs_currencies=usd "HTTP/1.1 200 OK"
2025-01-13 00:41:50,072 - INFO - HTTP Request: GET https://api.coingecko.com/api/v3/simple/price?ids=bitcoin&vs_currencies=usd "HTTP/1.1 200 OK"
2025-01-13 00:41:56,723 - INFO - HTTP Request: GET https://api.coingecko.com/api/v3/simple/price?ids=bitcoin&vs_currencies=usd "HTTP/1.1 200 OK"
2025-01-13 00:42:14,245 - INFO - HTTP Request: GET https://api.coingecko.com/api/v3/simple/price?ids=bitcoin&vs_currencies=usd "HTTP/1.1 200 OK"
2025-01-13 00:43:14,243 - INFO - HTTP Request: GET https://api.coingecko.com/api/v3/simple/price?ids=bitcoin&vs_currencies=usd "HTTP/1.1 200 OK"
2025-01-13 00:44:14,859 - INFO - HTTP Request: GET https://api.coingecko.com/api/v3/simple/price?ids=bitcoin&vs_currencies=usd "HTTP/1.1 200 OK"
2025-01-13 00:44:32,502 - INFO - HTTP Request: GET https://api.coingecko.com/api/v3/simple/price?ids=bitcoin&vs_currencies=usd "HTTP/1.1 200 OK"
2025-01-13 00:44:35,324 - INFO - HTTP Request: GET https://api.coingecko.com/api/v3/simple/price?ids=bitcoin&vs_currencies=usd "HTTP/1.1 200 OK"
2025-01-13 00:45:35,849 - INFO - HTTP Request: GET https://api.coingecko.com/api/v3/simple/price?ids=bitcoin&vs_currencies=usd "HTTP/1.1 200 OK"
2025-01-13 00:46:35,870 - INFO - HTTP Request: GET https://api.coingecko.com/api/v3/simple/price?ids=bitcoin&vs_currencies=usd "HTTP/1.1 200 OK"
2025-01-13 00:47:35,842 - INFO - HTTP Request: GET https://api.coingecko.com/api/v3/simple/price?ids=bitcoin&vs_currencies=usd "HTTP/1.1 200 OK"
2025-01-13 00:48:35,834 - INFO - HTTP Request: GET https://api.coingecko.com/api/v3/simple/price?ids=bitcoin&vs_currencies=usd "HTTP/1.1 200 OK"
2025-01-13 00:49:12,874 - INFO - HTTP Request: GET https://api.coingecko.com/api/v3/simple/price?ids=bitcoin&vs_currencies=usd "HTTP/1.1 200 OK"
2025-01-13 00:49:17,629 - INFO - HTTP Request: GET https://api.coingecko.com/api/v3/simple/price?ids=bitcoin&vs_currencies=usd "HTTP/1.1 200 OK"
2025-01-13 00:52:38,356 - INFO - HTTP Request: GET https://api.coingecko.com/api/v3/simple/price?ids=bitcoin&vs_currencies=usd "HTTP/1.1 200 OK"
2025-01-13 00:52:59,300 - INFO - Generated password successfully: 13
2025-01-13 00:53:08,903 - INFO - HTTP Request: GET https://api.coingecko.com/api/v3/simple/price?ids=bitcoin&vs_currencies=usd "HTTP/1.1 200 OK"
2025-01-13 00:54:37,935 - INFO - HTTP Request: GET https://api.coingecko.com/api/v3/simple/price?ids=bitcoin&vs_currencies=usd "HTTP/1.1 200 OK"
2025-01-13 00:56:52,906 - INFO - HTTP Request: GET https://api.coingecko.com/api/v3/simple/price?ids=bitcoin&vs_currencies=usd "HTTP/1.1 200 OK"
2025-01-13 00:56:54,097 - INFO - HTTP Request: GET https://api.coingecko.com/api/v3/simple/price?ids=bitcoin&vs_currencies=usd "HTTP/1.1 200 OK"
2025-01-13 00:57:53,861 - INFO - HTTP Request: GET https://api.coingecko.com/api/v3/simple/price?ids=bitcoin&vs_currencies=usd "HTTP/1.1 200 OK"
2025-01-13 00:58:52,779 - INFO - HTTP Request: GET https://api.coingecko.com/api/v3/simple/price?ids=bitcoin&vs_currencies=usd "HTTP/1.1 200 OK"
2025-01-13 01:08:55,461 - INFO - HTTP Request: GET https://api.coingecko.com/api/v3/simple/price?ids=bitcoin&vs_currencies=usd "HTTP/1.1 200 OK"
2025-01-13 01:09:55,768 - INFO - HTTP Request: GET https://api.coingecko.com/api/v3/simple/price?ids=bitcoin&vs_currencies=usd "HTTP/1.1 200 OK"
2025-01-13 01:10:55,804 - INFO - HTTP Request: GET https://api.coingecko.com/api/v3/simple/price?ids=bitcoin&vs_currencies=usd "HTTP/1.1 200 OK"
2025-01-13 01:21:16,370 - INFO - HTTP Request: GET https://api.coingecko.com/api/v3/simple/price?ids=bitcoin&vs_currencies=usd "HTTP/1.1 200 OK"
2025-01-13 01:22:16,796 - INFO - HTTP Request: GET https://api.coingecko.com/api/v3/simple/price?ids=bitcoin&vs_currencies=usd "HTTP/1.1 200 OK"
2025-01-13 01:23:16,749 - INFO - HTTP Request: GET https://api.coingecko.com/api/v3/simple/price?ids=bitcoin&vs_currencies=usd "HTTP/1.1 200 OK"
2025-01-13 01:28:25,260 - INFO - HTTP Request: GET https://api.coingecko.com/api/v3/simple/price?ids=bitcoin&vs_currencies=usd "HTTP/1.1 200 OK"
2025-01-13 01:33:38,963 - INFO - HTTP Request: GET https://api.coingecko.com/api/v3/simple/price?ids=bitcoin&vs_currencies=usd "HTTP/1.1 200 OK"
2025-01-13 01:33:40,326 - INFO - HTTP Request: GET https://api.coingecko.com/api/v3/simple/price?ids=bitcoin&vs_currencies=usd "HTTP/1.1 200 OK"
2025-01-13 01:55:42,993 - INFO - HTTP Request: GET https://api.coingecko.com/api/v3/simple/price?ids=bitcoin&vs_currencies=usd "HTTP/1.1 200 OK"
2025-01-13 02:05:27,084 - INFO - HTTP Request: GET https://api.coingecko.com/api/v3/simple/price?ids=bitcoin&vs_currencies=usd "HTTP/1.1 200 OK"
2025-01-13 10:49:23,709 - INFO - HTTP Request: GET https://api.coingecko.com/api/v3/simple/price?ids=bitcoin&vs_currencies=usd "HTTP/1.1 200 OK"
2025-01-13 10:49:24,761 - INFO - HTTP Request: GET https://api.coingecko.com/api/v3/simple/price?ids=bitcoin&vs_currencies=usd "HTTP/1.1 200 OK"
2025-01-13 10:50:23,617 - INFO - HTTP Request: GET https://api.coingecko.com/api/v3/simple/price?ids=bitcoin&vs_currencies=usd "HTTP/1.1 200 OK"
2025-01-13 10:50:29,258 - INFO - HTTP Request: GET https://api.coingecko.com/api/v3/simple/price?ids=bitcoin&vs_currencies=usd "HTTP/1.1 200 OK"
2025-01-13 10:51:24,661 - INFO - HTTP Request: GET https://api.coingecko.com/api/v3/simple/price?ids=bitcoin&vs_currencies=usd "HTTP/1.1 200 OK"
2025-01-13 10:52:24,513 - INFO - HTTP Request: GET https://api.coingecko.com/api/v3/simple/price?ids=bitcoin&vs_currencies=usd "HTTP/1.1 200 OK"
2025-01-13 10:53:24,482 - INFO - HTTP Request: GET https://api.coingecko.com/api/v3/simple/price?ids=bitcoin&vs_currencies=usd "HTTP/1.1 200 OK"
2025-01-13 10:56:25,737 - INFO - Generated password successfully: 12
2025-01-13 11:09:03,056 - INFO - Generated password successfully: 12
2025-01-13 11:09:32,626 - INFO - HTTP Request: GET https://api.coingecko.com/api/v3/simple/price?ids=bitcoin&vs_currencies=usd "HTTP/1.1 200 OK"
2025-01-13 12:39:45,216 - INFO - HTTP Request: GET https://api.coingecko.com/api/v3/simple/price?ids=bitcoin&vs_currencies=usd "HTTP/1.1 200 OK"
2025-01-13 12:39:49,124 - INFO - HTTP Request: GET https://api.coingecko.com/api/v3/simple/price?ids=bitcoin&vs_currencies=usd "HTTP/1.1 200 OK"
2025-01-13 12:39:52,017 - INFO - HTTP Request: GET https://api.coingecko.com/api/v3/simple/price?ids=bitcoin&vs_currencies=usd "HTTP/1.1 200 OK"
2025-01-13 12:39:53,286 - INFO - HTTP Request: GET https://api.coingecko.com/api/v3/simple/price?ids=bitcoin&vs_currencies=usd "HTTP/1.1 200 OK"
2025-01-13 12:40:52,263 - INFO - HTTP Request: GET https://api.coingecko.com/api/v3/simple/price?ids=bitcoin&vs_currencies=usd "HTTP/1.1 200 OK"
2025-01-13 12:41:52,227 - INFO - HTTP Request: GET https://api.coingecko.com/api/v3/simple/price?ids=bitcoin&vs_currencies=usd "HTTP/1.1 200 OK"
2025-01-13 12:50:37,312 - INFO - HTTP Request: GET https://api.coingecko.com/api/v3/simple/price?ids=bitcoin&vs_currencies=usd "HTTP/1.1 200 OK"
2025-01-13 12:50:41,450 - INFO - HTTP Request: GET https://api.coingecko.com/api/v3/simple/price?ids=bitcoin&vs_currencies=usd "HTTP/1.1 200 OK"
2025-01-13 12:51:37,144 - INFO - HTTP Request: GET https://api.coingecko.com/api/v3/simple/price?ids=bitcoin&vs_currencies=usd "HTTP/1.1 200 OK"
2025-01-13 12:54:37,268 - INFO - HTTP Request: GET https://api.coingecko.com/api/v3/simple/price?ids=bitcoin&vs_currencies=usd "HTTP/1.1 200 OK"
2025-01-13 12:54:48,724 - INFO - HTTP Request: GET https://api.coingecko.com/api/v3/simple/price?ids=bitcoin&vs_currencies=usd "HTTP/1.1 200 OK"
2025-01-13 12:54:50,248 - INFO - HTTP Request: GET https://api.coingecko.com/api/v3/simple/price?ids=bitcoin&vs_currencies=usd "HTTP/1.1 200 OK"
2025-01-13 12:54:55,033 - INFO - HTTP Request: GET https://api.coingecko.com/api/v3/simple/price?ids=bitcoin&vs_currencies=usd "HTTP/1.1 200 OK"
2025-01-13 12:55:49,158 - INFO - HTTP Request: GET https://api.coingecko.com/api/v3/simple/price?ids=bitcoin&vs_currencies=usd "HTTP/1.1 200 OK"
2025-01-13 12:56:49,194 - INFO - HTTP Request: GET https://api.coingecko.com/api/v3/simple/price?ids=bitcoin&vs_currencies=usd "HTTP/1.1 200 OK"
2025-01-13 13:04:22,130 - INFO - HTTP Request: GET https://api.coingecko.com/api/v3/simple/price?ids=bitcoin&vs_currencies=usd "HTTP/1.1 200 OK"
2025-01-13 13:04:33,701 - INFO - Generated password successfully: JQ2LjyE5Djvm
2025-01-13 13:04:57,874 - INFO - HTTP Request: GET https://api.coingecko.com/api/v3/simple/price?ids=bitcoin&vs_currencies=usd "HTTP/1.1 200 OK"
2025-01-13 13:04:59,683 - INFO - HTTP Request: GET https://api.coingecko.com/api/v3/simple/price?ids=bitcoin&vs_currencies=usd "HTTP/1.1 200 OK"
2025-01-13 13:12:22,634 - INFO - Generated password successfully: dYs$Nm@8^GLq
2025-01-13 13:17:53,173 - INFO - HTTP Request: GET https://api.coingecko.com/api/v3/simple/price?ids=bitcoin&vs_currencies=usd "HTTP/1.1 200 OK"
2025-01-13 13:17:54,225 - INFO - HTTP Request: GET https://api.coingecko.com/api/v3/simple/price?ids=bitcoin&vs_currencies=usd "HTTP/1.1 200 OK"
2025-01-13 13:18:08,810 - INFO - HTTP Request: GET https://api.coingecko.com/api/v3/simple/price?ids=bitcoin&vs_currencies=usd "HTTP/1.1 200 OK"
2025-01-13 13:18:11,654 - INFO - HTTP Request: GET https://api.coingecko.com/api/v3/simple/price?ids=bitcoin&vs_currencies=usd "HTTP/1.1 200 OK"
2025-01-13 13:18:38,686 - INFO - HTTP Request: GET https://api.coingecko.com/api/v3/simple/price?ids=bitcoin&vs_currencies=usd "HTTP/1.1 200 OK"
2025-01-13 13:18:50,415 - INFO - HTTP Request: GET https://api.coingecko.com/api/v3/simple/price?ids=bitcoin&vs_currencies=usd "HTTP/1.1 200 OK"
2025-01-13 13:18:55,217 - INFO - HTTP Request: GET https://api.coingecko.com/api/v3/simple/price?ids=bitcoin&vs_currencies=usd "HTTP/1.1 200 OK"
2025-01-13 13:18:59,645 - INFO - HTTP Request: GET https://api.coingecko.com/api/v3/simple/price?ids=bitcoin&vs_currencies=usd "HTTP/1.1 429 Too Many Requests"
2025-01-13 13:20:00,184 - INFO - HTTP Request: GET https://api.coingecko.com/api/v3/simple/price?ids=bitcoin&vs_currencies=usd "HTTP/1.1 200 OK"
2025-01-13 13:20:35,769 - INFO - HTTP Request: GET https://api.coingecko.com/api/v3/simple/price?ids=bitcoin&vs_currencies=usd "HTTP/1.1 200 OK"
2025-01-13 13:25:20,223 - INFO - HTTP Request: GET https://api.coingecko.com/api/v3/simple/price?ids=bitcoin&vs_currencies=usd "HTTP/1.1 200 OK"
2025-01-13 13:25:21,754 - INFO - HTTP Request: GET https://api.coingecko.com/api/v3/simple/price?ids=bitcoin&vs_currencies=usd "HTTP/1.1 200 OK"
2025-01-13 13:25:29,333 - INFO - HTTP Request: GET https://api.coingecko.com/api/v3/simple/price?ids=bitcoin&vs_currencies=usd "HTTP/1.1 200 OK"
2025-01-13 13:25:30,460 - INFO - HTTP Request: GET https://api.coingecko.com/api/v3/simple/price?ids=bitcoin&vs_currencies=usd "HTTP/1.1 200 OK"
2025-01-13 13:26:20,190 - INFO - HTTP Request: GET https://api.coingecko.com/api/v3/simple/price?ids=bitcoin&vs_currencies=usd "HTTP/1.1 200 OK"
2025-01-13 13:26:30,170 - INFO - HTTP Request: GET https://api.coingecko.com/api/v3/simple/price?ids=bitcoin&vs_currencies=usd "HTTP/1.1 200 OK"
2025-01-13 13:27:20,153 - INFO - HTTP Request: GET https://api.coingecko.com/api/v3/simple/price?ids=bitcoin&vs_currencies=usd "HTTP/1.1 200 OK"
2025-01-13 13:27:30,170 - INFO - HTTP Request: GET https://api.coingecko.com/api/v3/simple/price?ids=bitcoin&vs_currencies=usd "HTTP/1.1 200 OK"
2025-01-13 13:28:20,140 - INFO - HTTP Request: GET https://api.coingecko.com/api/v3/simple/price?ids=bitcoin&vs_currencies=usd "HTTP/1.1 200 OK"
2025-01-13 13:28:30,166 - INFO - HTTP Request: GET https://api.coingecko.com/api/v3/simple/price?ids=bitcoin&vs_currencies=usd "HTTP/1.1 200 OK"
2025-01-13 13:29:20,159 - INFO - HTTP Request: GET https://api.coingecko.com/api/v3/simple/price?ids=bitcoin&vs_currencies=usd "HTTP/1.1 200 OK"
2025-01-13 13:29:30,169 - INFO - HTTP Request: GET https://api.coingecko.com/api/v3/simple/price?ids=bitcoin&vs_currencies=usd "HTTP/1.1 200 OK"
2025-01-13 13:30:20,206 - INFO - HTTP Request: GET https://api.coingecko.com/api/v3/simple/price?ids=bitcoin&vs_currencies=usd "HTTP/1.1 200 OK"
2025-01-13 13:30:34,233 - INFO - HTTP Request: GET https://api.coingecko.com/api/v3/simple/price?ids=bitcoin&vs_currencies=usd "HTTP/1.1 200 OK"
2025-01-13 13:31:20,170 - INFO - HTTP Request: GET https://api.coingecko.com/api/v3/simple/price?ids=bitcoin&vs_currencies=usd "HTTP/1.1 200 OK"
2025-01-13 13:31:34,227 - INFO - HTTP Request: GET https://api.coingecko.com/api/v3/simple/price?ids=bitcoin&vs_currencies=usd "HTTP/1.1 200 OK"
2025-01-13 13:32:20,188 - INFO - HTTP Request: GET https://api.coingecko.com/api/v3/simple/price?ids=bitcoin&vs_currencies=usd "HTTP/1.1 200 OK"
2025-01-13 13:32:34,309 - INFO - HTTP Request: GET https://api.coingecko.com/api/v3/simple/price?ids=bitcoin&vs_currencies=usd "HTTP/1.1 200 OK"
2025-01-13 13:33:20,513 - INFO - HTTP Request: GET https://api.coingecko.com/api/v3/simple/price?ids=bitcoin&vs_currencies=usd "HTTP/1.1 200 OK"
2025-01-13 13:33:34,175 - INFO - HTTP Request: GET https://api.coingecko.com/api/v3/simple/price?ids=bitcoin&vs_currencies=usd "HTTP/1.1 200 OK"
2025-01-13 13:34:20,758 - INFO - HTTP Request: GET https://api.coingecko.com/api/v3/simple/price?ids=bitcoin&vs_currencies=usd "HTTP/1.1 200 OK"
2025-01-13 13:34:34,368 - INFO - HTTP Request: GET https://api.coingecko.com/api/v3/simple/price?ids=bitcoin&vs_currencies=usd "HTTP/1.1 200 OK"
2025-01-13 13:35:20,244 - INFO - HTTP Request: GET https://api.coingecko.com/api/v3/simple/price?ids=bitcoin&vs_currencies=usd "HTTP/1.1 200 OK"
2025-01-13 13:35:34,445 - INFO - HTTP Request: GET https://api.coingecko.com/api/v3/simple/price?ids=bitcoin&vs_currencies=usd "HTTP/1.1 200 OK"
2025-01-13 13:36:20,375 - INFO - HTTP Request: GET https://api.coingecko.com/api/v3/simple/price?ids=bitcoin&vs_currencies=usd "HTTP/1.1 200 OK"
2025-01-13 13:36:34,377 - INFO - HTTP Request: GET https://api.coingecko.com/api/v3/simple/price?ids=bitcoin&vs_currencies=usd "HTTP/1.1 200 OK"
2025-01-13 13:50:35,876 - INFO - HTTP Request: GET https://api.coingecko.com/api/v3/simple/price?ids=bitcoin&vs_currencies=usd "HTTP/1.1 200 OK"
2025-01-13 13:50:50,855 - INFO - HTTP Request: GET https://api.coingecko.com/api/v3/simple/price?ids=bitcoin&vs_currencies=usd "HTTP/1.1 200 OK"
2025-01-13 13:51:50,163 - INFO - HTTP Request: GET https://api.coingecko.com/api/v3/simple/price?ids=bitcoin&vs_currencies=usd "HTTP/1.1 200 OK"
2025-01-13 13:52:50,085 - INFO - HTTP Request: GET https://api.coingecko.com/api/v3/simple/price?ids=bitcoin&vs_currencies=usd "HTTP/1.1 200 OK"
2025-01-13 13:53:50,253 - INFO - HTTP Request: GET https://api.coingecko.com/api/v3/simple/price?ids=bitcoin&vs_currencies=usd "HTTP/1.1 200 OK"
2025-01-13 13:54:50,156 - INFO - HTTP Request: GET https://api.coingecko.com/api/v3/simple/price?ids=bitcoin&vs_currencies=usd "HTTP/1.1 200 OK"
2025-01-13 13:55:49,833 - INFO - HTTP Request: GET https://api.coingecko.com/api/v3/simple/price?ids=bitcoin&vs_currencies=usd "HTTP/1.1 200 OK"
2025-01-13 13:56:49,878 - INFO - HTTP Request: GET https://api.coingecko.com/api/v3/simple/price?ids=bitcoin&vs_currencies=usd "HTTP/1.1 200 OK"
2025-01-13 13:57:50,048 - INFO - HTTP Request: GET https://api.coingecko.com/api/v3/simple/price?ids=bitcoin&vs_currencies=usd "HTTP/1.1 200 OK"
2025-01-13 13:58:49,832 - INFO - HTTP Request: GET https://api.coingecko.com/api/v3/simple/price?ids=bitcoin&vs_currencies=usd "HTTP/1.1 200 OK"
2025-01-13 13:59:49,896 - INFO - HTTP Request: GET https://api.coingecko.com/api/v3/simple/price?ids=bitcoin&vs_currencies=usd "HTTP/1.1 200 OK"
2025-01-13 14:00:49,878 - INFO - HTTP Request: GET https://api.coingecko.com/api/v3/simple/price?ids=bitcoin&vs_currencies=usd "HTTP/1.1 200 OK"
2025-01-13 14:01:50,073 - INFO - HTTP Request: GET https://api.coingecko.com/api/v3/simple/price?ids=bitcoin&vs_currencies=usd "HTTP/1.1 200 OK"
2025-01-13 14:02:50,016 - INFO - HTTP Request: GET https://api.coingecko.com/api/v3/simple/price?ids=bitcoin&vs_currencies=usd "HTTP/1.1 200 OK"
2025-01-13 14:05:26,996 - INFO - Generated password successfully: G0AG0rvAPyDO
2025-01-13 14:19:32,308 - INFO - HTTP Request: GET https://api.coingecko.com/api/v3/simple/price?ids=bitcoin&vs_currencies=usd "HTTP/1.1 200 OK"
2025-01-13 14:19:34,249 - INFO - HTTP Request: GET https://api.coingecko.com/api/v3/simple/price?ids=bitcoin&vs_currencies=usd "HTTP/1.1 200 OK"
2025-01-13 14:20:32,218 - INFO - HTTP Request: GET https://api.coingecko.com/api/v3/simple/price?ids=bitcoin&vs_currencies=usd "HTTP/1.1 200 OK"
2025-01-13 14:20:43,099 - INFO - Generated password successfully: U!4gr0^lEpH6
2025-01-13 14:21:32,200 - INFO - HTTP Request: GET https://api.coingecko.com/api/v3/simple/price?ids=bitcoin&vs_currencies=usd "HTTP/1.1 200 OK"
2025-01-13 14:22:32,187 - INFO - HTTP Request: GET https://api.coingecko.com/api/v3/simple/price?ids=bitcoin&vs_currencies=usd "HTTP/1.1 200 OK"
2025-01-13 14:23:32,730 - INFO - HTTP Request: GET https://api.coingecko.com/api/v3/simple/price?ids=bitcoin&vs_currencies=usd "HTTP/1.1 200 OK"
2025-01-13 14:23:43,295 - INFO - HTTP Request: GET https://api.coingecko.com/api/v3/simple/price?ids=bitcoin&vs_currencies=usd "HTTP/1.1 200 OK"
2025-01-13 14:23:46,929 - INFO - HTTP Request: GET https://api.coingecko.com/api/v3/simple/price?ids=bitcoin&vs_currencies=usd "HTTP/1.1 200 OK"
2025-01-13 14:23:48,056 - INFO - HTTP Request: GET https://api.coingecko.com/api/v3/simple/price?ids=bitcoin&vs_currencies=usd "HTTP/1.1 200 OK"
2025-01-13 14:24:46,935 - INFO - HTTP Request: GET https://api.coingecko.com/api/v3/simple/price?ids=bitcoin&vs_currencies=usd "HTTP/1.1 200 OK"
2025-01-13 14:25:46,923 - INFO - HTTP Request: GET https://api.coingecko.com/api/v3/simple/price?ids=bitcoin&vs_currencies=usd "HTTP/1.1 200 OK"
2025-01-13 14:26:46,922 - INFO - HTTP Request: GET https://api.coingecko.com/api/v3/simple/price?ids=bitcoin&vs_currencies=usd "HTTP/1.1 200 OK"
2025-01-13 14:27:51,490 - INFO - Generated password successfully: 0Hf5zyxC9HPa
2025-01-13 14:37:11,595 - INFO - Generated password successfully: XuaVBIEBR@jk
2025-01-13 14:37:16,437 - INFO - HTTP Request: GET https://api.coingecko.com/api/v3/simple/price?ids=bitcoin&vs_currencies=usd "HTTP/1.1 200 OK"
2025-01-13 14:38:16,754 - INFO - HTTP Request: GET https://api.coingecko.com/api/v3/simple/price?ids=bitcoin&vs_currencies=usd "HTTP/1.1 200 OK"
2025-01-13 14:39:16,708 - INFO - HTTP Request: GET https://api.coingecko.com/api/v3/simple/price?ids=bitcoin&vs_currencies=usd "HTTP/1.1 200 OK"
2025-01-13 14:40:16,724 - INFO - HTTP Request: GET https://api.coingecko.com/api/v3/simple/price?ids=bitcoin&vs_currencies=usd "HTTP/1.1 200 OK"
2025-01-13 14:41:16,708 - INFO - HTTP Request: GET https://api.coingecko.com/api/v3/simple/price?ids=bitcoin&vs_currencies=usd "HTTP/1.1 200 OK"
2025-01-13 14:42:49,777 - INFO - HTTP Request: GET https://api.coingecko.com/api/v3/simple/price?ids=bitcoin&vs_currencies=usd "HTTP/1.1 200 OK"
2025-01-13 14:43:49,837 - INFO - HTTP Request: GET https://api.coingecko.com/api/v3/simple/price?ids=bitcoin&vs_currencies=usd "HTTP/1.1 200 OK"
2025-01-13 14:44:49,835 - INFO - HTTP Request: GET https://api.coingecko.com/api/v3/simple/price?ids=bitcoin&vs_currencies=usd "HTTP/1.1 200 OK"
2025-01-13 14:45:49,698 - INFO - HTTP Request: GET https://api.coingecko.com/api/v3/simple/price?ids=bitcoin&vs_currencies=usd "HTTP/1.1 200 OK"
2025-01-13 14:46:49,736 - INFO - HTTP Request: GET https://api.coingecko.com/api/v3/simple/price?ids=bitcoin&vs_currencies=usd "HTTP/1.1 200 OK"
2025-01-13 14:47:49,758 - INFO - HTTP Request: GET https://api.coingecko.com/api/v3/simple/price?ids=bitcoin&vs_currencies=usd "HTTP/1.1 200 OK"
2025-01-13 14:48:49,723 - INFO - HTTP Request: GET https://api.coingecko.com/api/v3/simple/price?ids=bitcoin&vs_currencies=usd "HTTP/1.1 200 OK"
2025-01-13 14:49:49,722 - INFO - HTTP Request: GET https://api.coingecko.com/api/v3/simple/price?ids=bitcoin&vs_currencies=usd "HTTP/1.1 200 OK"
2025-01-13 14:50:49,991 - INFO - HTTP Request: GET https://api.coingecko.com/api/v3/simple/price?ids=bitcoin&vs_currencies=usd "HTTP/1.1 200 OK"
2025-01-13 14:51:49,703 - INFO - HTTP Request: GET https://api.coingecko.com/api/v3/simple/price?ids=bitcoin&vs_currencies=usd "HTTP/1.1 200 OK"
2025-01-13 14:52:16,346 - INFO - HTTP Request: GET https://api.coingecko.com/api/v3/simple/price?ids=bitcoin&vs_currencies=usd "HTTP/1.1 200 OK"
2025-01-13 14:53:16,312 - INFO - HTTP Request: GET https://api.coingecko.com/api/v3/simple/price?ids=bitcoin&vs_currencies=usd "HTTP/1.1 200 OK"
2025-01-13 14:54:13,534 - INFO - Generated password successfully: (0(mpTv34oww
2025-01-13 14:54:18,754 - INFO - Generated password successfully: x%xE*$jpkcaJ
2025-01-13 15:05:50,755 - INFO - Generated password successfully: &r2Iuu5fa1iU
2025-01-13 15:06:09,614 - INFO - Generated password successfully: Kmj1p5z!PfYk
2025-01-13 15:06:11,047 - INFO - Generated password successfully: KjE63E5s6o5g
2025-01-13 15:06:20,914 - INFO - HTTP Request: GET https://api.coingecko.com/api/v3/simple/price?ids=bitcoin&vs_currencies=usd "HTTP/1.1 200 OK"
2025-01-13 15:07:20,851 - INFO - HTTP Request: GET https://api.coingecko.com/api/v3/simple/price?ids=bitcoin&vs_currencies=usd "HTTP/1.1 200 OK"
2025-01-13 15:08:20,854 - INFO - HTTP Request: GET https://api.coingecko.com/api/v3/simple/price?ids=bitcoin&vs_currencies=usd "HTTP/1.1 200 OK"
2025-01-13 15:09:20,837 - INFO - HTTP Request: GET https://api.coingecko.com/api/v3/simple/price?ids=bitcoin&vs_currencies=usd "HTTP/1.1 200 OK"
2025-01-13 15:10:20,877 - INFO - HTTP Request: GET https://api.coingecko.com/api/v3/simple/price?ids=bitcoin&vs_currencies=usd "HTTP/1.1 200 OK"
2025-01-13 15:11:20,835 - INFO - HTTP Request: GET https://api.coingecko.com/api/v3/simple/price?ids=bitcoin&vs_currencies=usd "HTTP/1.1 200 OK"
2025-01-13 15:13:37,362 - INFO - HTTP Request: GET https://api.coingecko.com/api/v3/simple/price?ids=bitcoin&vs_currencies=usd "HTTP/1.1 200 OK"
2025-01-13 15:31:41,272 - INFO - Generated password successfully: 5qrI13^hVOtd
2025-01-13 15:38:45,183 - INFO - Generated password successfully: SUh$dGkzrfGP
2025-01-13 15:38:46,769 - INFO - HTTP Request: GET https://api.coingecko.com/api/v3/simple/price?ids=bitcoin&vs_currencies=usd "HTTP/1.1 200 OK"
2025-01-13 15:38:47,597 - INFO - HTTP Request: GET https://api.coingecko.com/api/v3/simple/price?ids=bitcoin&vs_currencies=usd "HTTP/1.1 200 OK"
2025-01-13 15:46:57,093 - INFO - Generated password successfully: (%Zr^0sxsbxL
